# JRE version: OpenJDK Runtime Environment (8.0_265-b01) (build 1.8.0_265-b01)
# Java VM: OpenJDK 64-Bit Server VM (25.265-b01 mixed mode windows-amd64 compressed oops)
Heap:
 PSYoungGen      total 113152K, used 28966K [0x00000000d5c00000, 0x00000000de780000, 0x0000000100000000)
  eden space 100864K, 28% used [0x00000000d5c00000,0x00000000d78498d0,0x00000000dbe80000)
  from space 12288K, 0% used [0x00000000dd480000,0x00000000dd480000,0x00000000de080000)
  to   space 7168K, 0% used [0x00000000de080000,0x00000000de080000,0x00000000de780000)
 ParOldGen       total 72704K, used 23640K [0x0000000081400000, 0x0000000085b00000, 0x00000000d5c00000)
  object space 72704K, 32% used [0x0000000081400000,0x0000000082b16090,0x0000000085b00000)
 Metaspace       used 28992K, capacity 30396K, committed 30592K, reserved 1077248K
  class space    used 3516K, capacity 3877K, committed 3968K, reserved 1048576K
GC Heap History (10 events):
Event: 25.082 GC heap before
{Heap before GC invocations=7 (full 0):
 PSYoungGen      total 73728K, used 56481K [0x00000000d5c00000, 0x00000000db100000, 0x0000000100000000)
  eden space 65024K, 73% used [0x00000000d5c00000,0x00000000d8aad020,0x00000000d9b80000)
  from space 8704K, 99% used [0x00000000da580000,0x00000000dadfb5e8,0x00000000dae00000)
  to   space 10240K, 0% used [0x00000000d9b80000,0x00000000d9b80000,0x00000000da580000)
 ParOldGen       total 87552K, used 10099K [0x0000000081400000, 0x0000000086980000, 0x00000000d5c00000)
  object space 87552K, 11% used [0x0000000081400000,0x0000000081ddcc78,0x0000000086980000)
 Metaspace       used 20531K, capacity 21234K, committed 21296K, reserved 1069056K
  class space    used 2469K, capacity 2685K, committed 2688K, reserved 1048576K
Event: 25.179 GC heap after
Heap after GC invocations=7 (full 0):
 PSYoungGen      total 75264K, used 10234K [0x00000000d5c00000, 0x00000000df300000, 0x0000000100000000)
  eden space 65024K, 0% used [0x00000000d5c00000,0x00000000d5c00000,0x00000000d9b80000)
  from space 10240K, 99% used [0x00000000d9b80000,0x00000000da57ea10,0x00000000da580000)
  to   space 12288K, 0% used [0x00000000de700000,0x00000000de700000,0x00000000df300000)
 ParOldGen       total 87552K, used 12196K [0x0000000081400000, 0x0000000086980000, 0x00000000d5c00000)
  object space 87552K, 13% used [0x0000000081400000,0x0000000081fe90b0,0x0000000086980000)
 Metaspace       used 20531K, capacity 21234K, committed 21296K, reserved 1069056K
  class space    used 2469K, capacity 2685K, committed 2688K, reserved 1048576K
}
Event: 25.179 GC heap before
{Heap before GC invocations=8 (full 1):
 PSYoungGen      total 75264K, used 10234K [0x00000000d5c00000, 0x00000000df300000, 0x0000000100000000)
  eden space 65024K, 0% used [0x00000000d5c00000,0x00000000d5c00000,0x00000000d9b80000)
  from space 10240K, 99% used [0x00000000d9b80000,0x00000000da57ea10,0x00000000da580000)
  to   space 12288K, 0% used [0x00000000de700000,0x00000000de700000,0x00000000df300000)
 ParOldGen       total 87552K, used 12196K [0x0000000081400000, 0x0000000086980000, 0x00000000d5c00000)
  object space 87552K, 13% used [0x0000000081400000,0x0000000081fe90b0,0x0000000086980000)
 Metaspace       used 20531K, capacity 21234K, committed 21296K, reserved 1069056K
  class space    used 2469K, capacity 2685K, committed 2688K, reserved 1048576K
Event: 25.683 GC heap after
Heap after GC invocations=8 (full 1):
 PSYoungGen      total 75264K, used 0K [0x00000000d5c00000, 0x00000000df300000, 0x0000000100000000)
  eden space 65024K, 0% used [0x00000000d5c00000,0x00000000d5c00000,0x00000000d9b80000)
  from space 10240K, 0% used [0x00000000d9b80000,0x00000000d9b80000,0x00000000da580000)
  to   space 12288K, 0% used [0x00000000de700000,0x00000000de700000,0x00000000df300000)
 ParOldGen       total 72704K, used 14953K [0x0000000081400000, 0x0000000085b00000, 0x00000000d5c00000)
  object space 72704K, 20% used [0x0000000081400000,0x000000008229a6b0,0x0000000085b00000)
 Metaspace       used 20531K, capacity 21234K, committed 21296K, reserved 1069056K
  class space    used 2469K, capacity 2685K, committed 2688K, reserved 1048576K
}
Event: 37.557 GC heap before
{Heap before GC invocations=9 (full 1):
 PSYoungGen      total 75264K, used 65024K [0x00000000d5c00000, 0x00000000df300000, 0x0000000100000000)
  eden space 65024K, 100% used [0x00000000d5c00000,0x00000000d9b80000,0x00000000d9b80000)
  from space 10240K, 0% used [0x00000000d9b80000,0x00000000d9b80000,0x00000000da580000)
  to   space 12288K, 0% used [0x00000000de700000,0x00000000de700000,0x00000000df300000)
 ParOldGen       total 72704K, used 14953K [0x0000000081400000, 0x0000000085b00000, 0x00000000d5c00000)
  object space 72704K, 20% used [0x0000000081400000,0x000000008229a6b0,0x0000000085b00000)
 Metaspace       used 22740K, capacity 23720K, committed 24064K, reserved 1071104K
  class space    used 2729K, capacity 2977K, committed 3072K, reserved 1048576K
Event: 37.577 GC heap after
Heap after GC invocations=9 (full 1):
 PSYoungGen      total 91648K, used 5484K [0x00000000d5c00000, 0x00000000dec80000, 0x0000000100000000)
  eden space 86016K, 0% used [0x00000000d5c00000,0x00000000d5c00000,0x00000000db000000)
  from space 5632K, 97% used [0x00000000de700000,0x00000000dec5b318,0x00000000dec80000)
  to   space 12288K, 0% used [0x00000000dd480000,0x00000000dd480000,0x00000000de080000)
 ParOldGen       total 72704K, used 14961K [0x0000000081400000, 0x0000000085b00000, 0x00000000d5c00000)
  object space 72704K, 20% used [0x0000000081400000,0x000000008229c6b0,0x0000000085b00000)
 Metaspace       used 22740K, capacity 23720K, committed 24064K, reserved 1071104K
  class space    used 2729K, capacity 2977K, committed 3072K, reserved 1048576K
}
Event: 54.535 GC heap before
{Heap before GC invocations=10 (full 1):
 PSYoungGen      total 91648K, used 90497K [0x00000000d5c00000, 0x00000000dec80000, 0x0000000100000000)
  eden space 86016K, 98% used [0x00000000d5c00000,0x00000000daf054c0,0x00000000db000000)
  from space 5632K, 97% used [0x00000000de700000,0x00000000dec5b318,0x00000000dec80000)
  to   space 12288K, 0% used [0x00000000dd480000,0x00000000dd480000,0x00000000de080000)
 ParOldGen       total 72704K, used 14961K [0x0000000081400000, 0x0000000085b00000, 0x00000000d5c00000)
  object space 72704K, 20% used [0x0000000081400000,0x000000008229c6b0,0x0000000085b00000)
 Metaspace       used 27170K, capacity 28316K, committed 28416K, reserved 1079296K
  class space    used 3254K, capacity 3581K, committed 3584K, reserved 1048576K
Event: 54.579 GC heap after
Heap after GC invocations=10 (full 1):
 PSYoungGen      total 113152K, used 12283K [0x00000000d5c00000, 0x00000000de780000, 0x0000000100000000)
  eden space 100864K, 0% used [0x00000000d5c00000,0x00000000d5c00000,0x00000000dbe80000)
  from space 12288K, 99% used [0x00000000dd480000,0x00000000de07ed88,0x00000000de080000)
  to   space 7168K, 0% used [0x00000000de080000,0x00000000de080000,0x00000000de780000)
 ParOldGen       total 72704K, used 15213K [0x0000000081400000, 0x0000000085b00000, 0x00000000d5c00000)
  object space 72704K, 20% used [0x0000000081400000,0x00000000822db580,0x0000000085b00000)
 Metaspace       used 27170K, capacity 28316K, committed 28416K, reserved 1079296K
  class space    used 3254K, capacity 3581K, committed 3584K, reserved 1048576K
}
Event: 54.579 GC heap before
{Heap before GC invocations=11 (full 2):
 PSYoungGen      total 113152K, used 12283K [0x00000000d5c00000, 0x00000000de780000, 0x0000000100000000)
  eden space 100864K, 0% used [0x00000000d5c00000,0x00000000d5c00000,0x00000000dbe80000)
  from space 12288K, 99% used [0x00000000dd480000,0x00000000de07ed88,0x00000000de080000)
  to   space 7168K, 0% used [0x00000000de080000,0x00000000de080000,0x00000000de780000)
 ParOldGen       total 72704K, used 15213K [0x0000000081400000, 0x0000000085b00000, 0x00000000d5c00000)
  object space 72704K, 20% used [0x0000000081400000,0x00000000822db580,0x0000000085b00000)
 Metaspace       used 27170K, capacity 28316K, committed 28416K, reserved 1079296K
  class space    used 3254K, capacity 3581K, committed 3584K, reserved 1048576K
Event: 54.918 GC heap after
Heap after GC invocations=11 (full 2):
 PSYoungGen      total 113152K, used 0K [0x00000000d5c00000, 0x00000000de780000, 0x0000000100000000)
  eden space 100864K, 0% used [0x00000000d5c00000,0x00000000d5c00000,0x00000000dbe80000)
  from space 12288K, 0% used [0x00000000dd480000,0x00000000dd480000,0x00000000de080000)
  to   space 7168K, 0% used [0x00000000de080000,0x00000000de080000,0x00000000de780000)
 ParOldGen       total 72704K, used 23640K [0x0000000081400000, 0x0000000085b00000, 0x00000000d5c00000)
  object space 72704K, 32% used [0x0000000081400000,0x0000000082b16090,0x0000000085b00000)
 Metaspace       used 27170K, capacity 28316K, committed 28416K, reserved 1077248K
  class space    used 3254K, capacity 3581K, committed 3584K, reserved 1048576K
}

